2025-08-08 05:57:14,050 - INFO - ==================================================
2025-08-08 05:57:14,050 - INFO - Starting ETL Process for Cases Data
2025-08-08 05:57:14,050 - INFO - ==================================================
2025-08-08 05:57:14,051 - INFO - Starting data extraction...
2025-08-08 05:57:16,877 - INFO - Successfully extracted 128216 records
2025-08-08 05:57:16,878 - INFO - First 5 rows of the extracted data:
2025-08-08 05:57:16,886 - INFO - 
                            Name PhoneNumber1  ... FamilyNumber Age
0            صباح محمد عطوه سليم   1146066904  ...            4  65
1         احمد السيد محمود بيومي   1095704248  ...            3  33
2  قمر ابراهيم ابراهيم عبدالرحيم   1555556948  ...            1  64
3     اشواق عبدالحميد محمد معاني   1094625027  ...            3  44
4     مهيره محمود أحمد عبدالحليم   1272923192  ...            4  54

[5 rows x 7 columns]
2025-08-08 05:57:16,959 - INFO - Starting data load to table: Cases
2025-08-08 05:57:16,960 - INFO - Loading 128216 records to staging table: Cases_staging
2025-08-08 05:57:54,541 - INFO - Executing MERGE operation (insert/update)...
2025-08-08 05:57:57,019 - INFO - MERGE operation affected 128216 rows
2025-08-08 05:57:57,019 - INFO - Executing DELETE operation for missing records...
2025-08-08 05:58:02,426 - INFO - DELETE operation affected 0 rows
2025-08-08 05:58:02,496 - INFO - Full sync completed successfully: insert/update/delete operations applied.
2025-08-08 05:58:02,496 - INFO - ==================================================
2025-08-08 05:58:02,496 - INFO - ETL Process completed successfully in 0:00:48.445700
2025-08-08 05:58:02,496 - INFO - ==================================================
